<?xml version="1.0" encoding="UTF-8"?>
<!-- Generated by org.testng.reporters.JUnitXMLReporter -->
<testsuite hostname="DESKTOP-LF81N7A" ignored="3" name="Test" tests="4" failures="1" timestamp="21 Jan 2021 05:28:38 GMT" time="36.213" errors="0">
  <testcase name="openBrowser" time="28.824" classname="Sample.TestNG"/>
  <testcase name="testEasy" time="0.004" classname="Sample.NewTest">
    <failure type="java.lang.NullPointerException">
      <![CDATA[java.lang.NullPointerException
at Sample.NewTest.testEasy(NewTest.java:19)
... Removed 25 stack frames]]>
    </failure>
  </testcase> <!-- testEasy -->
  <testcase name="checkTitle" time="0.019" classname="Sample.TestNG"/>
  <testcase name="click_element" time="7.3" classname="Sample.TestNG"/>
  <testcase name="Test1" time="0.0" classname="TestNGPractice.AnnotationTest">
    <ignored/>
  </testcase> <!-- Test1 -->
  <testcase name="Test2" time="0.0" classname="TestNGPractice.AnnotationTest">
    <ignored/>
  </testcase> <!-- Test2 -->
  <testcase name="closeBrowser" time="0.0" classname="Sample.TestNG">
    <ignored/>
  </testcase> <!-- closeBrowser -->
</testsuite> <!-- Test -->
