<?xml version="1.0" encoding="UTF-8"?>
<!-- Generated by org.testng.reporters.JUnitXMLReporter -->
<testsuite hostname="DESKTOP-LF81N7A" ignored="0" name="Test2" tests="4" failures="2" timestamp="26 Jan 2021 12:47:09 GMT" time="604.619" errors="0">
  <testcase name="openBrowser" time="604.604" classname="Sample.TestNG">
    <failure type="org.openqa.selenium.SessionNotCreatedException" message="session not created
from timeout: Timed out receiving message from renderer: 600.000
  (Session info: chrome=87.0.4280.141)
Build info: version: &amp;apos;3.141.59&amp;apos;, revision: &amp;apos;e82be7d358&amp;apos;, time: &amp;apos;2018-11-14T08:17:03&amp;apos;
System info: host: &amp;apos;DESKTOP-LF81N7A&amp;apos;, ip: &amp;apos;192.168.0.95&amp;apos;, os.name: &amp;apos;Windows 10&amp;apos;, os.arch: &amp;apos;amd64&amp;apos;, os.version: &amp;apos;10.0&amp;apos;, java.version: &amp;apos;1.8.0_251&amp;apos;
Driver info: driver.version: ChromeDriver
remote stacktrace: Backtrace:
	Ordinal0 [0x0083C0C3+3326147]
	Ordinal0 [0x00720851+2164817]
	Ordinal0 [0x005A7298+619160]
	Ordinal0 [0x0059B17F+569727]
	Ordinal0 [0x0059A421+566305]
	Ordinal0 [0x0059A815+567317]
	Ordinal0 [0x0059A135+565557]
	Ordinal0 [0x005A38B1+604337]
	Ordinal0 [0x0059A0F1+565489]
	Ordinal0 [0x0059AEA2+568994]
	Ordinal0 [0x0059A421+566305]
	Ordinal0 [0x0059A815+567317]
	Ordinal0 [0x0059A135+565557]
	Ordinal0 [0x005A1D2C+597292]
	Ordinal0 [0x0059A0F1+565489]
	Ordinal0 [0x0059AEA2+568994]
	Ordinal0 [0x0059A421+566305]
	Ordinal0 [0x0059A815+567317]
	Ordinal0 [0x0059A135+565557]
	Ordinal0 [0x0059FE62+589410]
	Ordinal0 [0x0059A0F1+565489]
	Ordinal0 [0x0059AEA2+568994]
	Ordinal0 [0x0059A421+566305]
	Ordinal0 [0x0059A815+567317]
	Ordinal0 [0x0059A135+565557]
	Ordinal0 [0x0059F075+585845]
	Ordinal0 [0x0059A0F1+565489]
	Ordinal0 [0x0059AEA2+568994]
	Ordinal0 [0x0059A421+566305]
	Ordinal0 [0x0059A815+567317]
	Ordinal0 [0x0059A135+565557]
	Ordinal0 [0x00596776+550774]
	Ordinal0 [0x0059A0F1+565489]
	Ordinal0 [0x00599F13+565011]
	Ordinal0 [0x00599D07+564487]
	Ordinal0 [0x005A82C0+623296]
	Ordinal0 [0x00546BDD+224221]
	Ordinal0 [0x00545CAC+220332]
	Ordinal0 [0x0054189B+202907]
	Ordinal0 [0x00523DF4+81396]
	Ordinal0 [0x00524DEE+85486]
	Ordinal0 [0x00524D79+85369]
	Ordinal0 [0x007385DC+2262492]
	GetHandleVerifier [0x009C2874+1487204]
	GetHandleVerifier [0x009C23CD+1486013]
	GetHandleVerifier [0x009CA368+1518680]
	GetHandleVerifier [0x009C2F4E+1488958]
	Ordinal0 [0x0072ED0D+2223373]
	Ordinal0 [0x0073A12B+2269483]
	Ordinal0 [0x0073A26F+2269807]
	Ordinal0 [0x0074ECB8+2354360]
	BaseThreadInitThunk [0x7707FA29+25]
	RtlGetAppContainerNamedObjectPath [0x778875F4+228]
	RtlGetAppContainerNamedObjectPath [0x778875C4+180]
">
      <![CDATA[org.openqa.selenium.SessionNotCreatedException: session not created
from timeout: Timed out receiving message from renderer: 600.000
  (Session info: chrome=87.0.4280.141)
Build info: version: '3.141.59', revision: 'e82be7d358', time: '2018-11-14T08:17:03'
System info: host: 'DESKTOP-LF81N7A', ip: '192.168.0.95', os.name: 'Windows 10', os.arch: 'amd64', os.version: '10.0', java.version: '1.8.0_251'
Driver info: driver.version: ChromeDriver
remote stacktrace: Backtrace:
Ordinal0 [0x0083C0C3+3326147]
Ordinal0 [0x00720851+2164817]
Ordinal0 [0x005A7298+619160]
Ordinal0 [0x0059B17F+569727]
Ordinal0 [0x0059A421+566305]
Ordinal0 [0x0059A815+567317]
Ordinal0 [0x0059A135+565557]
Ordinal0 [0x005A38B1+604337]
Ordinal0 [0x0059A0F1+565489]
Ordinal0 [0x0059AEA2+568994]
Ordinal0 [0x0059A421+566305]
Ordinal0 [0x0059A815+567317]
Ordinal0 [0x0059A135+565557]
Ordinal0 [0x005A1D2C+597292]
Ordinal0 [0x0059A0F1+565489]
Ordinal0 [0x0059AEA2+568994]
Ordinal0 [0x0059A421+566305]
Ordinal0 [0x0059A815+567317]
Ordinal0 [0x0059A135+565557]
Ordinal0 [0x0059FE62+589410]
Ordinal0 [0x0059A0F1+565489]
Ordinal0 [0x0059AEA2+568994]
Ordinal0 [0x0059A421+566305]
Ordinal0 [0x0059A815+567317]
Ordinal0 [0x0059A135+565557]
Ordinal0 [0x0059F075+585845]
Ordinal0 [0x0059A0F1+565489]
Ordinal0 [0x0059AEA2+568994]
Ordinal0 [0x0059A421+566305]
Ordinal0 [0x0059A815+567317]
Ordinal0 [0x0059A135+565557]
Ordinal0 [0x00596776+550774]
Ordinal0 [0x0059A0F1+565489]
Ordinal0 [0x00599F13+565011]
Ordinal0 [0x00599D07+564487]
Ordinal0 [0x005A82C0+623296]
Ordinal0 [0x00546BDD+224221]
Ordinal0 [0x00545CAC+220332]
Ordinal0 [0x0054189B+202907]
Ordinal0 [0x00523DF4+81396]
Ordinal0 [0x00524DEE+85486]
Ordinal0 [0x00524D79+85369]
Ordinal0 [0x007385DC+2262492]
GetHandleVerifier [0x009C2874+1487204]
GetHandleVerifier [0x009C23CD+1486013]
GetHandleVerifier [0x009CA368+1518680]
GetHandleVerifier [0x009C2F4E+1488958]
Ordinal0 [0x0072ED0D+2223373]
Ordinal0 [0x0073A12B+2269483]
Ordinal0 [0x0073A26F+2269807]
Ordinal0 [0x0074ECB8+2354360]
BaseThreadInitThunk [0x7707FA29+25]
RtlGetAppContainerNamedObjectPath [0x778875F4+228]
RtlGetAppContainerNamedObjectPath [0x778875C4+180]

at org.openqa.selenium.remote.W3CHandshakeResponse.lambda$errorHandler$0(W3CHandshakeResponse.java:62)
at org.openqa.selenium.remote.HandshakeResponse.lambda$getResponseFunction$0(HandshakeResponse.java:30)
at org.openqa.selenium.remote.ProtocolHandshake.lambda$createSession$0(ProtocolHandshake.java:126)
at java.util.stream.ReferencePipeline$3$1.accept(ReferencePipeline.java:193)
at java.util.Spliterators$ArraySpliterator.tryAdvance(Spliterators.java:958)
at java.util.stream.ReferencePipeline.forEachWithCancel(ReferencePipeline.java:126)
at java.util.stream.AbstractPipeline.copyIntoWithCancel(AbstractPipeline.java:499)
at java.util.stream.AbstractPipeline.copyInto(AbstractPipeline.java:486)
at java.util.stream.AbstractPipeline.wrapAndCopyInto(AbstractPipeline.java:472)
at java.util.stream.FindOps$FindOp.evaluateSequential(FindOps.java:152)
at java.util.stream.AbstractPipeline.evaluate(AbstractPipeline.java:234)
at java.util.stream.ReferencePipeline.findFirst(ReferencePipeline.java:464)
at org.openqa.selenium.remote.ProtocolHandshake.createSession(ProtocolHandshake.java:128)
at org.openqa.selenium.remote.ProtocolHandshake.createSession(ProtocolHandshake.java:74)
at org.openqa.selenium.remote.HttpCommandExecutor.execute(HttpCommandExecutor.java:136)
at org.openqa.selenium.remote.service.DriverCommandExecutor.execute(DriverCommandExecutor.java:83)
at org.openqa.selenium.remote.RemoteWebDriver.execute(RemoteWebDriver.java:552)
at org.openqa.selenium.remote.RemoteWebDriver.startSession(RemoteWebDriver.java:213)
at org.openqa.selenium.remote.RemoteWebDriver.<init>(RemoteWebDriver.java:131)
at org.openqa.selenium.chrome.ChromeDriver.<init>(ChromeDriver.java:181)
at org.openqa.selenium.chrome.ChromeDriver.<init>(ChromeDriver.java:168)
at org.openqa.selenium.chrome.ChromeDriver.<init>(ChromeDriver.java:123)
at Sample.TestNG.openBrowser(TestNG.java:27)
at java.util.concurrent.FutureTask.run(FutureTask.java:266)
at java.util.concurrent.ThreadPoolExecutor.runWorker(ThreadPoolExecutor.java:1149)
at java.util.concurrent.ThreadPoolExecutor$Worker.run(ThreadPoolExecutor.java:624)
at java.lang.Thread.run(Thread.java:748)
... Removed 20 stack frames]]>
    </failure>
  </testcase> <!-- openBrowser -->
  <testcase name="checkTitle" time="0.0" classname="Sample.TestNG">
    <skipped/>
  </testcase> <!-- checkTitle -->
  <testcase name="click_element" time="0.0" classname="Sample.TestNG">
    <skipped/>
  </testcase> <!-- click_element -->
  <testcase name="closeBrowser" time="0.0" classname="Sample.TestNG">
    <failure type="java.lang.NullPointerException">
      <![CDATA[java.lang.NullPointerException
at Sample.TestNG.closeBrowser(TestNG.java:47)
at java.util.concurrent.FutureTask.run(FutureTask.java:266)
at java.util.concurrent.ThreadPoolExecutor.runWorker(ThreadPoolExecutor.java:1149)
at java.util.concurrent.ThreadPoolExecutor$Worker.run(ThreadPoolExecutor.java:624)
at java.lang.Thread.run(Thread.java:748)
... Removed 16 stack frames]]>
    </failure>
  </testcase> <!-- closeBrowser -->
</testsuite> <!-- Test2 -->
