<?xml version="1.0" encoding="UTF-8"?>
<testsuite name="TestSuite" time="605.352" tests="10" errors="0" skipped="2" failures="2">
  <properties>
[...]
</properties>
  <testcase name="Diff" classname="Sample.Params" time="0.009"/>
  <testcase name="OP" classname="Sample.Params" time="0"/>
  <testcase name="Sum" classname="Sample.Params" time="0"/>
  <testcase name="beforeTest" classname="Sample.NewTest" time="4.767"/>
  <testcase name="testEasy" classname="Sample.NewTest" time="7.456"/>
  <testcase name="afterTest" classname="Sample.NewTest" time="0.726"/>
  <testcase name="openBrowser" classname="Sample.TestNG" time="592.394">
    <failure message="session not created&#10;from timeout: Timed out receiving message from renderer: 600.000&#10;  (Session info: chrome=87.0.4280.141)&#10;Build info: version: &apos;3.141.59&apos;, revision: &apos;e82be7d358&apos;, time: &apos;2018-11-14T08:17:03&apos;&#10;System info: host: &apos;DESKTOP-LF81N7A&apos;, ip: &apos;192.168.0.95&apos;, os.name: &apos;Windows 10&apos;, os.arch: &apos;amd64&apos;, os.version: &apos;10.0&apos;, java.version: &apos;1.8.0_251&apos;&#10;Driver info: driver.version: ChromeDriver&#10;remote stacktrace: Backtrace:&#10;	Ordinal0 [0x0083C0C3+3326147]&#10;	Ordinal0 [0x00720851+2164817]&#10;	Ordinal0 [0x005A7298+619160]&#10;	Ordinal0 [0x0059B17F+569727]&#10;	Ordinal0 [0x0059A421+566305]&#10;	Ordinal0 [0x0059A815+567317]&#10;	Ordinal0 [0x0059A135+565557]&#10;	Ordinal0 [0x005A38B1+604337]&#10;	Ordinal0 [0x0059A0F1+565489]&#10;	Ordinal0 [0x0059AEA2+568994]&#10;	Ordinal0 [0x0059A421+566305]&#10;	Ordinal0 [0x0059A815+567317]&#10;	Ordinal0 [0x0059A135+565557]&#10;	Ordinal0 [0x005A1D2C+597292]&#10;	Ordinal0 [0x0059A0F1+565489]&#10;	Ordinal0 [0x0059AEA2+568994]&#10;	Ordinal0 [0x0059A421+566305]&#10;	Ordinal0 [0x0059A815+567317]&#10;	Ordinal0 [0x0059A135+565557]&#10;	Ordinal0 [0x0059FE62+589410]&#10;	Ordinal0 [0x0059A0F1+565489]&#10;	Ordinal0 [0x0059AEA2+568994]&#10;	Ordinal0 [0x0059A421+566305]&#10;	Ordinal0 [0x0059A815+567317]&#10;	Ordinal0 [0x0059A135+565557]&#10;	Ordinal0 [0x0059F075+585845]&#10;	Ordinal0 [0x0059A0F1+565489]&#10;	Ordinal0 [0x0059AEA2+568994]&#10;	Ordinal0 [0x0059A421+566305]&#10;	Ordinal0 [0x0059A815+567317]&#10;	Ordinal0 [0x0059A135+565557]&#10;	Ordinal0 [0x00596776+550774]&#10;	Ordinal0 [0x0059A0F1+565489]&#10;	Ordinal0 [0x00599F13+565011]&#10;	Ordinal0 [0x00599D07+564487]&#10;	Ordinal0 [0x005A82C0+623296]&#10;	Ordinal0 [0x00546BDD+224221]&#10;	Ordinal0 [0x00545CAC+220332]&#10;	Ordinal0 [0x0054189B+202907]&#10;	Ordinal0 [0x00523DF4+81396]&#10;	Ordinal0 [0x00524DEE+85486]&#10;	Ordinal0 [0x00524D79+85369]&#10;	Ordinal0 [0x007385DC+2262492]&#10;	GetHandleVerifier [0x009C2874+1487204]&#10;	GetHandleVerifier [0x009C23CD+1486013]&#10;	GetHandleVerifier [0x009CA368+1518680]&#10;	GetHandleVerifier [0x009C2F4E+1488958]&#10;	Ordinal0 [0x0072ED0D+2223373]&#10;	Ordinal0 [0x0073A12B+2269483]&#10;	Ordinal0 [0x0073A26F+2269807]&#10;	Ordinal0 [0x0074ECB8+2354360]&#10;	BaseThreadInitThunk [0x7707FA29+25]&#10;	RtlGetAppContainerNamedObjectPath [0x778875F4+228]&#10;	RtlGetAppContainerNamedObjectPath [0x778875C4+180]&#10;" type="org.openqa.selenium.SessionNotCreatedException"><![CDATA[org.openqa.selenium.SessionNotCreatedException: session not created
from timeout: Timed out receiving message from renderer: 600.000
  (Session info: chrome=87.0.4280.141)
Build info: version: '3.141.59', revision: 'e82be7d358', time: '2018-11-14T08:17:03'
System info: host: 'DESKTOP-LF81N7A', ip: '192.168.0.95', os.name: 'Windows 10', os.arch: 'amd64', os.version: '10.0', java.version: '1.8.0_251'
Driver info: driver.version: ChromeDriver
remote stacktrace: Backtrace:
	Ordinal0 [0x0083C0C3+3326147]
	Ordinal0 [0x00720851+2164817]
	Ordinal0 [0x005A7298+619160]
	Ordinal0 [0x0059B17F+569727]
	Ordinal0 [0x0059A421+566305]
	Ordinal0 [0x0059A815+567317]
	Ordinal0 [0x0059A135+565557]
	Ordinal0 [0x005A38B1+604337]
	Ordinal0 [0x0059A0F1+565489]
	Ordinal0 [0x0059AEA2+568994]
	Ordinal0 [0x0059A421+566305]
	Ordinal0 [0x0059A815+567317]
	Ordinal0 [0x0059A135+565557]
	Ordinal0 [0x005A1D2C+597292]
	Ordinal0 [0x0059A0F1+565489]
	Ordinal0 [0x0059AEA2+568994]
	Ordinal0 [0x0059A421+566305]
	Ordinal0 [0x0059A815+567317]
	Ordinal0 [0x0059A135+565557]
	Ordinal0 [0x0059FE62+589410]
	Ordinal0 [0x0059A0F1+565489]
	Ordinal0 [0x0059AEA2+568994]
	Ordinal0 [0x0059A421+566305]
	Ordinal0 [0x0059A815+567317]
	Ordinal0 [0x0059A135+565557]
	Ordinal0 [0x0059F075+585845]
	Ordinal0 [0x0059A0F1+565489]
	Ordinal0 [0x0059AEA2+568994]
	Ordinal0 [0x0059A421+566305]
	Ordinal0 [0x0059A815+567317]
	Ordinal0 [0x0059A135+565557]
	Ordinal0 [0x00596776+550774]
	Ordinal0 [0x0059A0F1+565489]
	Ordinal0 [0x00599F13+565011]
	Ordinal0 [0x00599D07+564487]
	Ordinal0 [0x005A82C0+623296]
	Ordinal0 [0x00546BDD+224221]
	Ordinal0 [0x00545CAC+220332]
	Ordinal0 [0x0054189B+202907]
	Ordinal0 [0x00523DF4+81396]
	Ordinal0 [0x00524DEE+85486]
	Ordinal0 [0x00524D79+85369]
	Ordinal0 [0x007385DC+2262492]
	GetHandleVerifier [0x009C2874+1487204]
	GetHandleVerifier [0x009C23CD+1486013]
	GetHandleVerifier [0x009CA368+1518680]
	GetHandleVerifier [0x009C2F4E+1488958]
	Ordinal0 [0x0072ED0D+2223373]
	Ordinal0 [0x0073A12B+2269483]
	Ordinal0 [0x0073A26F+2269807]
	Ordinal0 [0x0074ECB8+2354360]
	BaseThreadInitThunk [0x7707FA29+25]
	RtlGetAppContainerNamedObjectPath [0x778875F4+228]
	RtlGetAppContainerNamedObjectPath [0x778875C4+180]

	at sun.reflect.NativeConstructorAccessorImpl.newInstance0(Native Method)
	at sun.reflect.NativeConstructorAccessorImpl.newInstance(NativeConstructorAccessorImpl.java:62)
	at sun.reflect.DelegatingConstructorAccessorImpl.newInstance(DelegatingConstructorAccessorImpl.java:45)
	at java.lang.reflect.Constructor.newInstance(Constructor.java:423)
	at org.openqa.selenium.remote.W3CHandshakeResponse.lambda$errorHandler$0(W3CHandshakeResponse.java:62)
	at org.openqa.selenium.remote.HandshakeResponse.lambda$getResponseFunction$0(HandshakeResponse.java:30)
	at org.openqa.selenium.remote.ProtocolHandshake.lambda$createSession$0(ProtocolHandshake.java:126)
	at java.util.stream.ReferencePipeline$3$1.accept(ReferencePipeline.java:193)
	at java.util.Spliterators$ArraySpliterator.tryAdvance(Spliterators.java:958)
	at java.util.stream.ReferencePipeline.forEachWithCancel(ReferencePipeline.java:126)
	at java.util.stream.AbstractPipeline.copyIntoWithCancel(AbstractPipeline.java:499)
	at java.util.stream.AbstractPipeline.copyInto(AbstractPipeline.java:486)
	at java.util.stream.AbstractPipeline.wrapAndCopyInto(AbstractPipeline.java:472)
	at java.util.stream.FindOps$FindOp.evaluateSequential(FindOps.java:152)
	at java.util.stream.AbstractPipeline.evaluate(AbstractPipeline.java:234)
	at java.util.stream.ReferencePipeline.findFirst(ReferencePipeline.java:464)
	at org.openqa.selenium.remote.ProtocolHandshake.createSession(ProtocolHandshake.java:128)
	at org.openqa.selenium.remote.ProtocolHandshake.createSession(ProtocolHandshake.java:74)
	at org.openqa.selenium.remote.HttpCommandExecutor.execute(HttpCommandExecutor.java:136)
	at org.openqa.selenium.remote.service.DriverCommandExecutor.execute(DriverCommandExecutor.java:83)
	at org.openqa.selenium.remote.RemoteWebDriver.execute(RemoteWebDriver.java:552)
	at org.openqa.selenium.remote.RemoteWebDriver.startSession(RemoteWebDriver.java:213)
	at org.openqa.selenium.remote.RemoteWebDriver.<init>(RemoteWebDriver.java:131)
	at org.openqa.selenium.chrome.ChromeDriver.<init>(ChromeDriver.java:181)
	at org.openqa.selenium.chrome.ChromeDriver.<init>(ChromeDriver.java:168)
	at org.openqa.selenium.chrome.ChromeDriver.<init>(ChromeDriver.java:123)
	at Sample.TestNG.openBrowser(TestNG.java:27)
]]></failure>
    <system-out><![CDATA[The name of the test case failed is: openBrowser
]]></system-out>
    <system-err><![CDATA[[1611665229.939][SEVERE]: Timed out receiving message from renderer: 600.000
]]></system-err>
  </testcase>
  <testcase name="checkTitle" classname="Sample.TestNG" time="0">
    <skipped/>
    <system-out><![CDATA[The name of the test case skipped is: checkTitle
]]></system-out>
  </testcase>
  <testcase name="click_element" classname="Sample.TestNG" time="0">
    <skipped/>
    <system-out><![CDATA[The name of the test case skipped is: click_element
]]></system-out>
  </testcase>
  <testcase name="closeBrowser" classname="Sample.TestNG" time="0">
    <failure type="java.lang.NullPointerException:">java.lang.NullPointerException: null
	at Sample.TestNG.closeBrowser(TestNG.java:47)
</failure>
    <system-out><![CDATA[The name of the test case started is: closeBrowser
The name of the test case failed is: closeBrowser
]]></system-out>
  </testcase>
</testsuite>