<?xml version="1.0" encoding="UTF-8"?>
<testng-results skipped="2" failed="2" ignored="0" total="10" passed="6">
  <reporter-output>
  </reporter-output>
  <suite name="Smoke Suite" duration-ms="604740" started-at="2021-01-26T12:37:05Z" finished-at="2021-01-26T12:47:09Z">
    <groups>
      <group name="Demo">
        <method signature="NewTest.testEasy()[pri:0, instance:Sample.NewTest@17f6480]" name="testEasy" class="Sample.NewTest"/>
      </group> <!-- Demo -->
      <group name="demo1">
        <method signature="TestNG.openBrowser()[pri:-1, instance:Sample.TestNG@edf4efb]" name="openBrowser" class="Sample.TestNG"/>
        <method signature="TestNG.checkTitle()[pri:0, instance:Sample.TestNG@edf4efb]" name="checkTitle" class="Sample.TestNG"/>
      </group> <!-- demo1 -->
      <group name="demo2">
        <method signature="TestNG.click_element()[pri:0, instance:Sample.TestNG@edf4efb]" name="click_element" class="Sample.TestNG"/>
      </group> <!-- demo2 -->
    </groups>
    <test name="Params" duration-ms="48" started-at="2021-01-26T12:37:05Z" finished-at="2021-01-26T12:37:05Z">
      <class name="Sample.Params">
        <test-method status="PASS" signature="Diff(int, int)[pri:0, instance:Sample.Params@56cbfb61]" name="Diff" duration-ms="10" started-at="2021-01-26T12:37:05Z" finished-at="2021-01-26T12:37:05Z">
          <params>
            <param index="0">
              <value>
                <![CDATA[4]]>
              </value>
            </param>
            <param index="1">
              <value>
                <![CDATA[21]]>
              </value>
            </param>
          </params>
          <reporter-output>
          </reporter-output>
        </test-method> <!-- Diff -->
        <test-method status="PASS" signature="OP(java.lang.String)[pri:0, instance:Sample.Params@56cbfb61]" name="OP" duration-ms="0" started-at="2021-01-26T12:37:05Z" finished-at="2021-01-26T12:37:05Z">
          <params>
            <param index="0">
              <value>
                <![CDATA[Normal Parameter Selected]]>
              </value>
            </param>
          </params>
          <reporter-output>
          </reporter-output>
        </test-method> <!-- OP -->
        <test-method status="PASS" signature="Sum(int, int)[pri:0, instance:Sample.Params@56cbfb61]" name="Sum" duration-ms="0" started-at="2021-01-26T12:37:05Z" finished-at="2021-01-26T12:37:05Z">
          <params>
            <param index="0">
              <value>
                <![CDATA[4]]>
              </value>
            </param>
            <param index="1">
              <value>
                <![CDATA[21]]>
              </value>
            </param>
          </params>
          <reporter-output>
          </reporter-output>
        </test-method> <!-- Sum -->
      </class> <!-- Sample.Params -->
    </test> <!-- Params -->
    <test name="Test1" duration-ms="13075" started-at="2021-01-26T12:37:05Z" finished-at="2021-01-26T12:37:18Z">
      <class name="Sample.NewTest">
        <test-method status="PASS" signature="beforeTest()[pri:-1, instance:Sample.NewTest@17f6480]" name="beforeTest" duration-ms="4860" started-at="2021-01-26T12:37:05Z" finished-at="2021-01-26T12:37:10Z">
          <reporter-output>
          </reporter-output>
        </test-method> <!-- beforeTest -->
        <test-method status="PASS" signature="testEasy()[pri:0, instance:Sample.NewTest@17f6480]" name="testEasy" duration-ms="7453" started-at="2021-01-26T12:37:10Z" depends-on-methods="Sample.NewTest.beforeTest" finished-at="2021-01-26T12:37:17Z">
          <reporter-output>
          </reporter-output>
        </test-method> <!-- testEasy -->
        <test-method status="PASS" signature="afterTest()[pri:0, instance:Sample.NewTest@17f6480]" name="afterTest" duration-ms="728" started-at="2021-01-26T12:37:17Z" depends-on-methods="Sample.NewTest.testEasy" finished-at="2021-01-26T12:37:18Z">
          <reporter-output>
          </reporter-output>
        </test-method> <!-- afterTest -->
      </class> <!-- Sample.NewTest -->
    </test> <!-- Test1 -->
    <test name="Test2" duration-ms="604619" started-at="2021-01-26T12:37:05Z" finished-at="2021-01-26T12:47:09Z">
      <class name="Sample.TestNG">
        <test-method status="FAIL" signature="openBrowser()[pri:-1, instance:Sample.TestNG@edf4efb]" name="openBrowser" duration-ms="604604" started-at="2021-01-26T12:37:05Z" finished-at="2021-01-26T12:47:09Z">
          <exception class="org.openqa.selenium.SessionNotCreatedException">
            <message>
              <![CDATA[session not created
from timeout: Timed out receiving message from renderer: 600.000
  (Session info: chrome=87.0.4280.141)
Build info: version: '3.141.59', revision: 'e82be7d358', time: '2018-11-14T08:17:03'
System info: host: 'DESKTOP-LF81N7A', ip: '192.168.0.95', os.name: 'Windows 10', os.arch: 'amd64', os.version: '10.0', java.version: '1.8.0_251'
Driver info: driver.version: ChromeDriver
remote stacktrace: Backtrace:
Ordinal0 [0x0083C0C3+3326147]
Ordinal0 [0x00720851+2164817]
Ordinal0 [0x005A7298+619160]
Ordinal0 [0x0059B17F+569727]
Ordinal0 [0x0059A421+566305]
Ordinal0 [0x0059A815+567317]
Ordinal0 [0x0059A135+565557]
Ordinal0 [0x005A38B1+604337]
Ordinal0 [0x0059A0F1+565489]
Ordinal0 [0x0059AEA2+568994]
Ordinal0 [0x0059A421+566305]
Ordinal0 [0x0059A815+567317]
Ordinal0 [0x0059A135+565557]
Ordinal0 [0x005A1D2C+597292]
Ordinal0 [0x0059A0F1+565489]
Ordinal0 [0x0059AEA2+568994]
Ordinal0 [0x0059A421+566305]
Ordinal0 [0x0059A815+567317]
Ordinal0 [0x0059A135+565557]
Ordinal0 [0x0059FE62+589410]
Ordinal0 [0x0059A0F1+565489]
Ordinal0 [0x0059AEA2+568994]
Ordinal0 [0x0059A421+566305]
Ordinal0 [0x0059A815+567317]
Ordinal0 [0x0059A135+565557]
Ordinal0 [0x0059F075+585845]
Ordinal0 [0x0059A0F1+565489]
Ordinal0 [0x0059AEA2+568994]
Ordinal0 [0x0059A421+566305]
Ordinal0 [0x0059A815+567317]
Ordinal0 [0x0059A135+565557]
Ordinal0 [0x00596776+550774]
Ordinal0 [0x0059A0F1+565489]
Ordinal0 [0x00599F13+565011]
Ordinal0 [0x00599D07+564487]
Ordinal0 [0x005A82C0+623296]
Ordinal0 [0x00546BDD+224221]
Ordinal0 [0x00545CAC+220332]
Ordinal0 [0x0054189B+202907]
Ordinal0 [0x00523DF4+81396]
Ordinal0 [0x00524DEE+85486]
Ordinal0 [0x00524D79+85369]
Ordinal0 [0x007385DC+2262492]
GetHandleVerifier [0x009C2874+1487204]
GetHandleVerifier [0x009C23CD+1486013]
GetHandleVerifier [0x009CA368+1518680]
GetHandleVerifier [0x009C2F4E+1488958]
Ordinal0 [0x0072ED0D+2223373]
Ordinal0 [0x0073A12B+2269483]
Ordinal0 [0x0073A26F+2269807]
Ordinal0 [0x0074ECB8+2354360]
BaseThreadInitThunk [0x7707FA29+25]
RtlGetAppContainerNamedObjectPath [0x778875F4+228]
RtlGetAppContainerNamedObjectPath [0x778875C4+180]
]]>
            </message>
            <full-stacktrace>
              <![CDATA[org.openqa.selenium.SessionNotCreatedException: session not created
from timeout: Timed out receiving message from renderer: 600.000
  (Session info: chrome=87.0.4280.141)
Build info: version: '3.141.59', revision: 'e82be7d358', time: '2018-11-14T08:17:03'
System info: host: 'DESKTOP-LF81N7A', ip: '192.168.0.95', os.name: 'Windows 10', os.arch: 'amd64', os.version: '10.0', java.version: '1.8.0_251'
Driver info: driver.version: ChromeDriver
remote stacktrace: Backtrace:
Ordinal0 [0x0083C0C3+3326147]
Ordinal0 [0x00720851+2164817]
Ordinal0 [0x005A7298+619160]
Ordinal0 [0x0059B17F+569727]
Ordinal0 [0x0059A421+566305]
Ordinal0 [0x0059A815+567317]
Ordinal0 [0x0059A135+565557]
Ordinal0 [0x005A38B1+604337]
Ordinal0 [0x0059A0F1+565489]
Ordinal0 [0x0059AEA2+568994]
Ordinal0 [0x0059A421+566305]
Ordinal0 [0x0059A815+567317]
Ordinal0 [0x0059A135+565557]
Ordinal0 [0x005A1D2C+597292]
Ordinal0 [0x0059A0F1+565489]
Ordinal0 [0x0059AEA2+568994]
Ordinal0 [0x0059A421+566305]
Ordinal0 [0x0059A815+567317]
Ordinal0 [0x0059A135+565557]
Ordinal0 [0x0059FE62+589410]
Ordinal0 [0x0059A0F1+565489]
Ordinal0 [0x0059AEA2+568994]
Ordinal0 [0x0059A421+566305]
Ordinal0 [0x0059A815+567317]
Ordinal0 [0x0059A135+565557]
Ordinal0 [0x0059F075+585845]
Ordinal0 [0x0059A0F1+565489]
Ordinal0 [0x0059AEA2+568994]
Ordinal0 [0x0059A421+566305]
Ordinal0 [0x0059A815+567317]
Ordinal0 [0x0059A135+565557]
Ordinal0 [0x00596776+550774]
Ordinal0 [0x0059A0F1+565489]
Ordinal0 [0x00599F13+565011]
Ordinal0 [0x00599D07+564487]
Ordinal0 [0x005A82C0+623296]
Ordinal0 [0x00546BDD+224221]
Ordinal0 [0x00545CAC+220332]
Ordinal0 [0x0054189B+202907]
Ordinal0 [0x00523DF4+81396]
Ordinal0 [0x00524DEE+85486]
Ordinal0 [0x00524D79+85369]
Ordinal0 [0x007385DC+2262492]
GetHandleVerifier [0x009C2874+1487204]
GetHandleVerifier [0x009C23CD+1486013]
GetHandleVerifier [0x009CA368+1518680]
GetHandleVerifier [0x009C2F4E+1488958]
Ordinal0 [0x0072ED0D+2223373]
Ordinal0 [0x0073A12B+2269483]
Ordinal0 [0x0073A26F+2269807]
Ordinal0 [0x0074ECB8+2354360]
BaseThreadInitThunk [0x7707FA29+25]
RtlGetAppContainerNamedObjectPath [0x778875F4+228]
RtlGetAppContainerNamedObjectPath [0x778875C4+180]

at sun.reflect.NativeConstructorAccessorImpl.newInstance0(Native Method)
at sun.reflect.NativeConstructorAccessorImpl.newInstance(NativeConstructorAccessorImpl.java:62)
at sun.reflect.DelegatingConstructorAccessorImpl.newInstance(DelegatingConstructorAccessorImpl.java:45)
at java.lang.reflect.Constructor.newInstance(Constructor.java:423)
at org.openqa.selenium.remote.W3CHandshakeResponse.lambda$errorHandler$0(W3CHandshakeResponse.java:62)
at org.openqa.selenium.remote.HandshakeResponse.lambda$getResponseFunction$0(HandshakeResponse.java:30)
at org.openqa.selenium.remote.ProtocolHandshake.lambda$createSession$0(ProtocolHandshake.java:126)
at java.util.stream.ReferencePipeline$3$1.accept(ReferencePipeline.java:193)
at java.util.Spliterators$ArraySpliterator.tryAdvance(Spliterators.java:958)
at java.util.stream.ReferencePipeline.forEachWithCancel(ReferencePipeline.java:126)
at java.util.stream.AbstractPipeline.copyIntoWithCancel(AbstractPipeline.java:499)
at java.util.stream.AbstractPipeline.copyInto(AbstractPipeline.java:486)
at java.util.stream.AbstractPipeline.wrapAndCopyInto(AbstractPipeline.java:472)
at java.util.stream.FindOps$FindOp.evaluateSequential(FindOps.java:152)
at java.util.stream.AbstractPipeline.evaluate(AbstractPipeline.java:234)
at java.util.stream.ReferencePipeline.findFirst(ReferencePipeline.java:464)
at org.openqa.selenium.remote.ProtocolHandshake.createSession(ProtocolHandshake.java:128)
at org.openqa.selenium.remote.ProtocolHandshake.createSession(ProtocolHandshake.java:74)
at org.openqa.selenium.remote.HttpCommandExecutor.execute(HttpCommandExecutor.java:136)
at org.openqa.selenium.remote.service.DriverCommandExecutor.execute(DriverCommandExecutor.java:83)
at org.openqa.selenium.remote.RemoteWebDriver.execute(RemoteWebDriver.java:552)
at org.openqa.selenium.remote.RemoteWebDriver.startSession(RemoteWebDriver.java:213)
at org.openqa.selenium.remote.RemoteWebDriver.<init>(RemoteWebDriver.java:131)
at org.openqa.selenium.chrome.ChromeDriver.<init>(ChromeDriver.java:181)
at org.openqa.selenium.chrome.ChromeDriver.<init>(ChromeDriver.java:168)
at org.openqa.selenium.chrome.ChromeDriver.<init>(ChromeDriver.java:123)
at Sample.TestNG.openBrowser(TestNG.java:27)
at sun.reflect.NativeMethodAccessorImpl.invoke0(Native Method)
at sun.reflect.NativeMethodAccessorImpl.invoke(NativeMethodAccessorImpl.java:62)
at sun.reflect.DelegatingMethodAccessorImpl.invoke(DelegatingMethodAccessorImpl.java:43)
at java.lang.reflect.Method.invoke(Method.java:498)
at org.testng.internal.MethodInvocationHelper.invokeMethod(MethodInvocationHelper.java:124)
at org.testng.internal.Invoker.invokeMethod(Invoker.java:583)
at org.testng.internal.Invoker.invokeTestMethod(Invoker.java:719)
at org.testng.internal.Invoker.invokeTestMethods(Invoker.java:989)
at org.testng.internal.TestMethodWorker.invokeTestMethods(TestMethodWorker.java:125)
at org.testng.internal.TestMethodWorker.run(TestMethodWorker.java:109)
at org.testng.TestRunner.privateRun(TestRunner.java:648)
at org.testng.TestRunner.run(TestRunner.java:505)
at org.testng.SuiteRunner.runTest(SuiteRunner.java:455)
at org.testng.SuiteRunner.access$000(SuiteRunner.java:40)
at org.testng.SuiteRunner$SuiteWorker.run(SuiteRunner.java:489)
at org.testng.internal.thread.ThreadUtil$1.call(ThreadUtil.java:52)
at java.util.concurrent.FutureTask.run(FutureTask.java:266)
at java.util.concurrent.ThreadPoolExecutor.runWorker(ThreadPoolExecutor.java:1149)
at java.util.concurrent.ThreadPoolExecutor$Worker.run(ThreadPoolExecutor.java:624)
at java.lang.Thread.run(Thread.java:748)
]]>
            </full-stacktrace>
          </exception> <!-- org.openqa.selenium.SessionNotCreatedException -->
          <reporter-output>
          </reporter-output>
        </test-method> <!-- openBrowser -->
        <test-method status="SKIP" signature="checkTitle()[pri:0, instance:Sample.TestNG@edf4efb]" name="checkTitle" duration-ms="0" started-at="2021-01-26T12:47:09Z" depends-on-methods="Sample.TestNG.openBrowser" finished-at="2021-01-26T12:47:09Z">
          <exception class="java.lang.Throwable">
            <message>
              <![CDATA[Method TestNG.checkTitle()[pri:0, instance:Sample.TestNG@edf4efb] depends on not successfully finished methods]]>
            </message>
            <full-stacktrace>
              <![CDATA[java.lang.Throwable: Method TestNG.checkTitle()[pri:0, instance:Sample.TestNG@edf4efb] depends on not successfully finished methods
at org.testng.internal.Invoker.invokeTestMethods(Invoker.java:888)
at org.testng.internal.TestMethodWorker.invokeTestMethods(TestMethodWorker.java:125)
at org.testng.internal.TestMethodWorker.run(TestMethodWorker.java:109)
at org.testng.TestRunner.privateRun(TestRunner.java:648)
at org.testng.TestRunner.run(TestRunner.java:505)
at org.testng.SuiteRunner.runTest(SuiteRunner.java:455)
at org.testng.SuiteRunner.access$000(SuiteRunner.java:40)
at org.testng.SuiteRunner$SuiteWorker.run(SuiteRunner.java:489)
at org.testng.internal.thread.ThreadUtil$1.call(ThreadUtil.java:52)
at java.util.concurrent.FutureTask.run(FutureTask.java:266)
at java.util.concurrent.ThreadPoolExecutor.runWorker(ThreadPoolExecutor.java:1149)
at java.util.concurrent.ThreadPoolExecutor$Worker.run(ThreadPoolExecutor.java:624)
at java.lang.Thread.run(Thread.java:748)
]]>
            </full-stacktrace>
          </exception> <!-- java.lang.Throwable -->
          <reporter-output>
          </reporter-output>
        </test-method> <!-- checkTitle -->
        <test-method status="SKIP" signature="click_element()[pri:0, instance:Sample.TestNG@edf4efb]" name="click_element" duration-ms="0" started-at="2021-01-26T12:47:09Z" depends-on-methods="Sample.TestNG.checkTitle, Sample.TestNG.openBrowser" finished-at="2021-01-26T12:47:09Z">
          <exception class="java.lang.Throwable">
            <message>
              <![CDATA[Method TestNG.click_element()[pri:0, instance:Sample.TestNG@edf4efb] depends on not successfully finished methods]]>
            </message>
            <full-stacktrace>
              <![CDATA[java.lang.Throwable: Method TestNG.click_element()[pri:0, instance:Sample.TestNG@edf4efb] depends on not successfully finished methods
at org.testng.internal.Invoker.invokeTestMethods(Invoker.java:888)
at org.testng.internal.TestMethodWorker.invokeTestMethods(TestMethodWorker.java:125)
at org.testng.internal.TestMethodWorker.run(TestMethodWorker.java:109)
at org.testng.TestRunner.privateRun(TestRunner.java:648)
at org.testng.TestRunner.run(TestRunner.java:505)
at org.testng.SuiteRunner.runTest(SuiteRunner.java:455)
at org.testng.SuiteRunner.access$000(SuiteRunner.java:40)
at org.testng.SuiteRunner$SuiteWorker.run(SuiteRunner.java:489)
at org.testng.internal.thread.ThreadUtil$1.call(ThreadUtil.java:52)
at java.util.concurrent.FutureTask.run(FutureTask.java:266)
at java.util.concurrent.ThreadPoolExecutor.runWorker(ThreadPoolExecutor.java:1149)
at java.util.concurrent.ThreadPoolExecutor$Worker.run(ThreadPoolExecutor.java:624)
at java.lang.Thread.run(Thread.java:748)
]]>
            </full-stacktrace>
          </exception> <!-- java.lang.Throwable -->
          <reporter-output>
          </reporter-output>
        </test-method> <!-- click_element -->
        <test-method status="FAIL" signature="closeBrowser()[pri:2, instance:Sample.TestNG@edf4efb]" name="closeBrowser" duration-ms="0" started-at="2021-01-26T12:47:09Z" finished-at="2021-01-26T12:47:09Z">
          <exception class="java.lang.NullPointerException">
            <full-stacktrace>
              <![CDATA[java.lang.NullPointerException
at Sample.TestNG.closeBrowser(TestNG.java:47)
at sun.reflect.NativeMethodAccessorImpl.invoke0(Native Method)
at sun.reflect.NativeMethodAccessorImpl.invoke(NativeMethodAccessorImpl.java:62)
at sun.reflect.DelegatingMethodAccessorImpl.invoke(DelegatingMethodAccessorImpl.java:43)
at java.lang.reflect.Method.invoke(Method.java:498)
at org.testng.internal.MethodInvocationHelper.invokeMethod(MethodInvocationHelper.java:124)
at org.testng.internal.Invoker.invokeMethod(Invoker.java:583)
at org.testng.internal.Invoker.invokeTestMethod(Invoker.java:719)
at org.testng.internal.Invoker.invokeTestMethods(Invoker.java:989)
at org.testng.internal.TestMethodWorker.invokeTestMethods(TestMethodWorker.java:125)
at org.testng.internal.TestMethodWorker.run(TestMethodWorker.java:109)
at org.testng.TestRunner.privateRun(TestRunner.java:648)
at org.testng.TestRunner.run(TestRunner.java:505)
at org.testng.SuiteRunner.runTest(SuiteRunner.java:455)
at org.testng.SuiteRunner.access$000(SuiteRunner.java:40)
at org.testng.SuiteRunner$SuiteWorker.run(SuiteRunner.java:489)
at org.testng.internal.thread.ThreadUtil$1.call(ThreadUtil.java:52)
at java.util.concurrent.FutureTask.run(FutureTask.java:266)
at java.util.concurrent.ThreadPoolExecutor.runWorker(ThreadPoolExecutor.java:1149)
at java.util.concurrent.ThreadPoolExecutor$Worker.run(ThreadPoolExecutor.java:624)
at java.lang.Thread.run(Thread.java:748)
]]>
            </full-stacktrace>
          </exception> <!-- java.lang.NullPointerException -->
          <reporter-output>
          </reporter-output>
        </test-method> <!-- closeBrowser -->
      </class> <!-- Sample.TestNG -->
    </test> <!-- Test2 -->
  </suite> <!-- Smoke Suite -->
</testng-results>
