<?xml version="1.0" encoding="UTF-8"?>
<testng-results skipped="0" failed="0" ignored="0" total="1" passed="1">
  <reporter-output>
  </reporter-output>
  <suite name="Default suite" duration-ms="13057" started-at="2021-01-26T11:49:52Z" finished-at="2021-01-26T11:50:05Z">
    <groups>
      <group name="Demo">
        <method signature="NewTest.testEasy()[pri:0, instance:Sample.NewTest@754ba872]" name="testEasy" class="Sample.NewTest"/>
      </group> <!-- Demo -->
    </groups>
    <test name="Default test" duration-ms="13057" started-at="2021-01-26T11:49:52Z" finished-at="2021-01-26T11:50:05Z">
      <class name="Sample.NewTest">
        <test-method status="PASS" signature="beforeTest()[pri:0, instance:Sample.NewTest@754ba872]" name="beforeTest" is-config="true" duration-ms="4266" started-at="2021-01-26T11:49:52Z" finished-at="2021-01-26T11:49:56Z">
          <reporter-output>
          </reporter-output>
        </test-method> <!-- beforeTest -->
        <test-method status="PASS" signature="testEasy()[pri:0, instance:Sample.NewTest@754ba872]" name="testEasy" duration-ms="7551" started-at="2021-01-26T11:49:56Z" finished-at="2021-01-26T11:50:04Z">
          <reporter-output>
          </reporter-output>
        </test-method> <!-- testEasy -->
        <test-method status="PASS" signature="afterTest()[pri:0, instance:Sample.NewTest@754ba872]" name="afterTest" is-config="true" duration-ms="1222" started-at="2021-01-26T11:50:04Z" finished-at="2021-01-26T11:50:05Z">
          <reporter-output>
          </reporter-output>
        </test-method> <!-- afterTest -->
      </class> <!-- Sample.NewTest -->
    </test> <!-- Default test -->
  </suite> <!-- Default suite -->
</testng-results>
